  --non-interactive is not supported, use $CI=1 instead
Starting project at /home/esdanali/projects/nohanger-closet
Starting Metro Bundler
warning: Bundler cache is empty, rebuilding (this may take a minute)
Tunnel connected.
Tunnel connected.
Tunnel ready.
The following packages should be updated for best compatibility with the installed expo version:
  @react-native-async-storage/async-storage@1.23.1 - expected version: 2.1.2
  expo-blur@14.0.3 - expected version: ~14.1.5
  expo-file-system@18.0.12 - expected version: ~18.1.11
  expo-font@13.0.4 - expected version: ~13.3.2
  expo-image-picker@16.0.6 - expected version: ~16.1.4
  expo-status-bar@2.0.1 - expected version: ~2.2.3
  react-native@0.79.6 - expected version: 0.79.5
  react-native-gesture-handler@2.20.2 - expected version: ~2.24.0
  react-native-reanimated@3.16.1 - expected version: ~3.17.4
  react-native-safe-area-context@4.12.0 - expected version: 5.4.0
  react-native-screens@4.4.0 - expected version: ~4.11.1
  @babel/core@7.25.9 - expected version: ^7.26.0
  @types/react@18.3.12 - expected version: ~19.0.10
  typescript@5.6.3 - expected version: ~5.8.3
Your project may not work correctly until you install the expected versions of the packages.
Waiting on http://localhost:8081
Logs for your project will appear below.
Web node_modules/expo/AppEntry.js ░░░░░░░░░░░░░░░░  0.0% (0/1)
Web node_modules/expo/AppEntry.js ▓▓▓▓▓▓▓▓░░░░░░░░ 55.4% (482/685)
Web Bundled 5888ms node_modules/expo/AppEntry.js (979 modules)
